# JRE version: Java(TM) SE Runtime Environment (8.0_66-b17) (build 1.8.0_66-b17)
# Java VM: Java HotSpot(TM) 64-Bit Server VM (25.66-b17 mixed mode linux-amd64 compressed oops)
Heap:
 PSYoungGen      total 220672K, used 54834K [0x00000000eab00000, 0x00000000fa900000, 0x0000000100000000)
  eden space 184832K, 24% used [0x00000000eab00000,0x00000000ed6e3e18,0x00000000f5f80000)
  from space 35840K, 27% used [0x00000000f5f80000,0x00000000f6928c00,0x00000000f8280000)
  to   space 37376K, 0% used [0x00000000f8480000,0x00000000f8480000,0x00000000fa900000)
 ParOldGen       total 699392K, used 139300K [0x00000000c0000000, 0x00000000eab00000, 0x00000000eab00000)
  object space 699392K, 19% used [0x00000000c0000000,0x00000000c8809138,0x00000000eab00000)
 Metaspace       used 92584K, capacity 98395K, committed 98636K, reserved 1136640K
  class space    used 10572K, capacity 12336K, committed 12416K, reserved 1048576K
GC Heap History (10 events):
Event: 215149.545 GC heap before
{Heap before GC invocations=213 (full 4):
 PSYoungGen      total 221184K, used 209392K [0x00000000eab00000, 0x00000000faa80000, 0x0000000100000000)
  eden space 183808K, 100% used [0x00000000eab00000,0x00000000f5e80000,0x00000000f5e80000)
  from space 37376K, 68% used [0x00000000f8600000,0x00000000f9efc1c0,0x00000000faa80000)
  to   space 38912K, 0% used [0x00000000f5e80000,0x00000000f5e80000,0x00000000f8480000)
 ParOldGen       total 699392K, used 122378K [0x00000000c0000000, 0x00000000eab00000, 0x00000000eab00000)
  object space 699392K, 17% used [0x00000000c0000000,0x00000000c7782b18,0x00000000eab00000)
 Metaspace       used 92583K, capacity 98395K, committed 98636K, reserved 1136640K
  class space    used 10572K, capacity 12336K, committed 12416K, reserved 1048576K
Event: 215149.574 GC heap after
Heap after GC invocations=213 (full 4):
 PSYoungGen      total 209408K, used 25520K [0x00000000eab00000, 0x00000000fa900000, 0x0000000100000000)
  eden space 183808K, 0% used [0x00000000eab00000,0x00000000eab00000,0x00000000f5e80000)
  from space 25600K, 99% used [0x00000000f5e80000,0x00000000f776c1e0,0x00000000f7780000)
  to   space 37888K, 0% used [0x00000000f8400000,0x00000000f8400000,0x00000000fa900000)
 ParOldGen       total 699392K, used 122954K [0x00000000c0000000, 0x00000000eab00000, 0x00000000eab00000)
  object space 699392K, 17% used [0x00000000c0000000,0x00000000c7812b18,0x00000000eab00000)
 Metaspace       used 92583K, capacity 98395K, committed 98636K, reserved 1136640K
  class space    used 10572K, capacity 12336K, committed 12416K, reserved 1048576K
}
Event: 230451.947 GC heap before
{Heap before GC invocations=214 (full 4):
 PSYoungGen      total 209408K, used 209328K [0x00000000eab00000, 0x00000000fa900000, 0x0000000100000000)
  eden space 183808K, 100% used [0x00000000eab00000,0x00000000f5e80000,0x00000000f5e80000)
  from space 25600K, 99% used [0x00000000f5e80000,0x00000000f776c1e0,0x00000000f7780000)
  to   space 37888K, 0% used [0x00000000f8400000,0x00000000f8400000,0x00000000fa900000)
 ParOldGen       total 699392K, used 122954K [0x00000000c0000000, 0x00000000eab00000, 0x00000000eab00000)
  object space 699392K, 17% used [0x00000000c0000000,0x00000000c7812b18,0x00000000eab00000)
 Metaspace       used 92584K, capacity 98395K, committed 98636K, reserved 1136640K
  class space    used 10572K, capacity 12336K, committed 12416K, reserved 1048576K
Event: 230451.978 GC heap after
Heap after GC invocations=214 (full 4):
 PSYoungGen      total 220160K, used 25488K [0x00000000eab00000, 0x00000000fa700000, 0x0000000100000000)
  eden space 184320K, 0% used [0x00000000eab00000,0x00000000eab00000,0x00000000f5f00000)
  from space 35840K, 71% used [0x00000000f8400000,0x00000000f9ce41e0,0x00000000fa700000)
  to   space 36864K, 0% used [0x00000000f5f00000,0x00000000f5f00000,0x00000000f8300000)
 ParOldGen       total 699392K, used 123122K [0x00000000c0000000, 0x00000000eab00000, 0x00000000eab00000)
  object space 699392K, 17% used [0x00000000c0000000,0x00000000c783cb48,0x00000000eab00000)
 Metaspace       used 92584K, capacity 98395K, committed 98636K, reserved 1136640K
  class space    used 10572K, capacity 12336K, committed 12416K, reserved 1048576K
}
Event: 245754.632 GC heap before
{Heap before GC invocations=215 (full 4):
 PSYoungGen      total 220160K, used 209808K [0x00000000eab00000, 0x00000000fa700000, 0x0000000100000000)
  eden space 184320K, 100% used [0x00000000eab00000,0x00000000f5f00000,0x00000000f5f00000)
  from space 35840K, 71% used [0x00000000f8400000,0x00000000f9ce41e0,0x00000000fa700000)
  to   space 36864K, 0% used [0x00000000f5f00000,0x00000000f5f00000,0x00000000f8300000)
 ParOldGen       total 699392K, used 123122K [0x00000000c0000000, 0x00000000eab00000, 0x00000000eab00000)
  object space 699392K, 17% used [0x00000000c0000000,0x00000000c783cb48,0x00000000eab00000)
 Metaspace       used 92584K, capacity 98395K, committed 98636K, reserved 1136640K
  class space    used 10572K, capacity 12336K, committed 12416K, reserved 1048576K
Event: 245754.663 GC heap after
Heap after GC invocations=215 (full 4):
 PSYoungGen      total 221184K, used 25472K [0x00000000eab00000, 0x00000000fa680000, 0x0000000100000000)
  eden space 184320K, 0% used [0x00000000eab00000,0x00000000eab00000,0x00000000f5f00000)
  from space 36864K, 69% used [0x00000000f5f00000,0x00000000f77e01f0,0x00000000f8300000)
  to   space 36352K, 0% used [0x00000000f8300000,0x00000000f8300000,0x00000000fa680000)
 ParOldGen       total 699392K, used 123226K [0x00000000c0000000, 0x00000000eab00000, 0x00000000eab00000)
  object space 699392K, 17% used [0x00000000c0000000,0x00000000c7856b48,0x00000000eab00000)
 Metaspace       used 92584K, capacity 98395K, committed 98636K, reserved 1136640K
  class space    used 10572K, capacity 12336K, committed 12416K, reserved 1048576K
}
Event: 261057.357 GC heap before
{Heap before GC invocations=216 (full 4):
 PSYoungGen      total 221184K, used 209792K [0x00000000eab00000, 0x00000000fa680000, 0x0000000100000000)
  eden space 184320K, 100% used [0x00000000eab00000,0x00000000f5f00000,0x00000000f5f00000)
  from space 36864K, 69% used [0x00000000f5f00000,0x00000000f77e01f0,0x00000000f8300000)
  to   space 36352K, 0% used [0x00000000f8300000,0x00000000f8300000,0x00000000fa680000)
 ParOldGen       total 699392K, used 123226K [0x00000000c0000000, 0x00000000eab00000, 0x00000000eab00000)
  object space 699392K, 17% used [0x00000000c0000000,0x00000000c7856b48,0x00000000eab00000)
 Metaspace       used 92584K, capacity 98395K, committed 98636K, reserved 1136640K
  class space    used 10572K, capacity 12336K, committed 12416K, reserved 1048576K
Event: 261057.389 GC heap after
Heap after GC invocations=216 (full 4):
 PSYoungGen      total 220160K, used 24919K [0x00000000eab00000, 0x00000000fa580000, 0x0000000100000000)
  eden space 184832K, 0% used [0x00000000eab00000,0x00000000eab00000,0x00000000f5f80000)
  from space 35328K, 70% used [0x00000000f8300000,0x00000000f9b55ed0,0x00000000fa580000)
  to   space 35840K, 0% used [0x00000000f5f80000,0x00000000f5f80000,0x00000000f8280000)
 ParOldGen       total 699392K, used 123823K [0x00000000c0000000, 0x00000000eab00000, 0x00000000eab00000)
  object space 699392K, 17% used [0x00000000c0000000,0x00000000c78ebe38,0x00000000eab00000)
 Metaspace       used 92584K, capacity 98395K, committed 98636K, reserved 1136640K
  class space    used 10572K, capacity 12336K, committed 12416K, reserved 1048576K
}
Event: 276359.853 GC heap before
{Heap before GC invocations=217 (full 4):
 PSYoungGen      total 220160K, used 209751K [0x00000000eab00000, 0x00000000fa580000, 0x0000000100000000)
  eden space 184832K, 100% used [0x00000000eab00000,0x00000000f5f80000,0x00000000f5f80000)
  from space 35328K, 70% used [0x00000000f8300000,0x00000000f9b55ed0,0x00000000fa580000)
  to   space 35840K, 0% used [0x00000000f5f80000,0x00000000f5f80000,0x00000000f8280000)
 ParOldGen       total 699392K, used 123823K [0x00000000c0000000, 0x00000000eab00000, 0x00000000eab00000)
  object space 699392K, 17% used [0x00000000c0000000,0x00000000c78ebe38,0x00000000eab00000)
 Metaspace       used 92584K, capacity 98395K, committed 98636K, reserved 1136640K
  class space    used 10572K, capacity 12336K, committed 12416K, reserved 1048576K
Event: 276359.890 GC heap after
Heap after GC invocations=217 (full 4):
 PSYoungGen      total 220672K, used 9891K [0x00000000eab00000, 0x00000000fa900000, 0x0000000100000000)
  eden space 184832K, 0% used [0x00000000eab00000,0x00000000eab00000,0x00000000f5f80000)
  from space 35840K, 27% used [0x00000000f5f80000,0x00000000f6928c00,0x00000000f8280000)
  to   space 37376K, 0% used [0x00000000f8480000,0x00000000f8480000,0x00000000fa900000)
 ParOldGen       total 699392K, used 139300K [0x00000000c0000000, 0x00000000eab00000, 0x00000000eab00000)
  object space 699392K, 19% used [0x00000000c0000000,0x00000000c8809138,0x00000000eab00000)
 Metaspace       used 92584K, capacity 98395K, committed 98636K, reserved 1136640K
  class space    used 10572K, capacity 12336K, committed 12416K, reserved 1048576K
}

